-- The C compiler identification is GNU 11.4.0
-- The CXX compiler identification is GNU 11.4.0
-- Detecting C compiler ABI info
-- Detecting C compiler ABI info - done
-- Check for working C compiler: /usr/bin/cc - skipped
-- Detecting C compile features
-- Detecting C compile features - done
-- Detecting CXX compiler ABI info
-- Detecting CXX compiler ABI info - done
-- Check for working CXX compiler: /usr/bin/c++ - skipped
-- Detecting CXX compile features
-- Detecting CXX compile features - done
-- Orocos KDL version  (1.5.1)
-- Setting build type to 'Release'
-- Performing Test HAVE_STL_CONTAINER_INCOMPLETE_TYPES
-- Performing Test HAVE_STL_CONTAINER_INCOMPLETE_TYPES - Success
-- Configuring done
-- Generating done
-- Build files have been written to: /home/user/ros2_ws/src/Roboticslab24/Homework2/kdl/orocos_kinematics_dynamics/orocos_kdl/build/orocos_kdl
[  2%] [32mBuilding CXX object src/CMakeFiles/orocos-kdl.dir/chain.cpp.o[0m
[  5%] [32mBuilding CXX object src/CMakeFiles/orocos-kdl.dir/chainexternalwrenchestimator.cpp.o[0m
[  5%] [32mBuilding CXX object src/CMakeFiles/orocos-kdl.dir/articulatedbodyinertia.cpp.o[0m
[  5%] [32mBuilding CXX object src/CMakeFiles/orocos-kdl.dir/chaindynparam.cpp.o[0m
[  7%] [32mBuilding CXX object src/CMakeFiles/orocos-kdl.dir/chainfksolvervel_recursive.cpp.o[0m
[  8%] [32mBuilding CXX object src/CMakeFiles/orocos-kdl.dir/chainhdsolver_vereshchagin.cpp.o[0m
[ 10%] [32mBuilding CXX object src/CMakeFiles/orocos-kdl.dir/chainfksolverpos_recursive.cpp.o[0m
[ 11%] [32mBuilding CXX object src/CMakeFiles/orocos-kdl.dir/chainfdsolver_recursive_newton_euler.cpp.o[0m
[ 13%] [32mBuilding CXX object src/CMakeFiles/orocos-kdl.dir/chainidsolver_recursive_newton_euler.cpp.o[0m
[ 14%] [32mBuilding CXX object src/CMakeFiles/orocos-kdl.dir/chainidsolver_vereshchagin.cpp.o[0m
[ 16%] [32mBuilding CXX object src/CMakeFiles/orocos-kdl.dir/chainiksolverpos_lma.cpp.o[0m
[ 17%] [32mBuilding CXX object src/CMakeFiles/orocos-kdl.dir/chainiksolverpos_nr.cpp.o[0m
[ 19%] [32mBuilding CXX object src/CMakeFiles/orocos-kdl.dir/chainiksolverpos_nr_jl.cpp.o[0m
[ 20%] [32mBuilding CXX object src/CMakeFiles/orocos-kdl.dir/chainiksolvervel_pinv.cpp.o[0m
[ 22%] [32mBuilding CXX object src/CMakeFiles/orocos-kdl.dir/chainiksolvervel_pinv_givens.cpp.o[0m
[ 23%] [32mBuilding CXX object src/CMakeFiles/orocos-kdl.dir/chainiksolvervel_pinv_nso.cpp.o[0m
[ 25%] [32mBuilding CXX object src/CMakeFiles/orocos-kdl.dir/chainiksolvervel_wdls.cpp.o[0m
[ 26%] [32mBuilding CXX object src/CMakeFiles/orocos-kdl.dir/chainjnttojacdotsolver.cpp.o[0m
[ 28%] [32mBuilding CXX object src/CMakeFiles/orocos-kdl.dir/chainjnttojacsolver.cpp.o[0m
[ 29%] [32mBuilding CXX object src/CMakeFiles/orocos-kdl.dir/frameacc.cpp.o[0m
[ 31%] [32mBuilding CXX object src/CMakeFiles/orocos-kdl.dir/frames.cpp.o[0m
[ 32%] [32mBuilding CXX object src/CMakeFiles/orocos-kdl.dir/frames_io.cpp.o[0m
[ 34%] [32mBuilding CXX object src/CMakeFiles/orocos-kdl.dir/framevel.cpp.o[0m
[ 35%] [32mBuilding CXX object src/CMakeFiles/orocos-kdl.dir/jacobian.cpp.o[0m
[ 37%] [32mBuilding CXX object src/CMakeFiles/orocos-kdl.dir/jntarray.cpp.o[0m
[ 38%] [32mBuilding CXX object src/CMakeFiles/orocos-kdl.dir/jntarrayacc.cpp.o[0m
[ 40%] [32mBuilding CXX object src/CMakeFiles/orocos-kdl.dir/jntarrayvel.cpp.o[0m
[ 41%] [32mBuilding CXX object src/CMakeFiles/orocos-kdl.dir/jntspaceinertiamatrix.cpp.o[0m
[ 43%] [32mBuilding CXX object src/CMakeFiles/orocos-kdl.dir/joint.cpp.o[0m
[ 44%] [32mBuilding CXX object src/CMakeFiles/orocos-kdl.dir/kinfam_io.cpp.o[0m
[ 46%] [32mBuilding CXX object src/CMakeFiles/orocos-kdl.dir/path.cpp.o[0m
[ 47%] [32mBuilding CXX object src/CMakeFiles/orocos-kdl.dir/path_circle.cpp.o[0m
[ 49%] [32mBuilding CXX object src/CMakeFiles/orocos-kdl.dir/path_composite.cpp.o[0m
[ 50%] [32mBuilding CXX object src/CMakeFiles/orocos-kdl.dir/path_cyclic_closed.cpp.o[0m
[ 52%] [32mBuilding CXX object src/CMakeFiles/orocos-kdl.dir/path_line.cpp.o[0m
[ 53%] [32mBuilding CXX object src/CMakeFiles/orocos-kdl.dir/path_point.cpp.o[0m
[ 55%] [32mBuilding CXX object src/CMakeFiles/orocos-kdl.dir/path_roundedcomposite.cpp.o[0m
[ 56%] [32mBuilding CXX object src/CMakeFiles/orocos-kdl.dir/rigidbodyinertia.cpp.o[0m
[ 58%] [32mBuilding CXX object src/CMakeFiles/orocos-kdl.dir/rotational_interpolation.cpp.o[0m
[ 59%] [32mBuilding CXX object src/CMakeFiles/orocos-kdl.dir/rotational_interpolation_sa.cpp.o[0m
[ 61%] [32mBuilding CXX object src/CMakeFiles/orocos-kdl.dir/rotationalinertia.cpp.o[0m
[ 62%] [32mBuilding CXX object src/CMakeFiles/orocos-kdl.dir/segment.cpp.o[0m
[ 64%] [32mBuilding CXX object src/CMakeFiles/orocos-kdl.dir/trajectory.cpp.o[0m
[ 65%] [32mBuilding CXX object src/CMakeFiles/orocos-kdl.dir/trajectory_composite.cpp.o[0m
[ 67%] [32mBuilding CXX object src/CMakeFiles/orocos-kdl.dir/trajectory_segment.cpp.o[0m
[ 68%] [32mBuilding CXX object src/CMakeFiles/orocos-kdl.dir/trajectory_stationary.cpp.o[0m
[ 70%] [32mBuilding CXX object src/CMakeFiles/orocos-kdl.dir/tree.cpp.o[0m
[ 71%] [32mBuilding CXX object src/CMakeFiles/orocos-kdl.dir/treefksolverpos_recursive.cpp.o[0m
[ 73%] [32mBuilding CXX object src/CMakeFiles/orocos-kdl.dir/treeidsolver_recursive_newton_euler.cpp.o[0m
[ 74%] [32mBuilding CXX object src/CMakeFiles/orocos-kdl.dir/treeiksolverpos_nr_jl.cpp.o[0m
[ 76%] [32mBuilding CXX object src/CMakeFiles/orocos-kdl.dir/treeiksolverpos_online.cpp.o[0m
[ 77%] [32mBuilding CXX object src/CMakeFiles/orocos-kdl.dir/treeiksolvervel_wdls.cpp.o[0m
[ 79%] [32mBuilding CXX object src/CMakeFiles/orocos-kdl.dir/treejnttojacsolver.cpp.o[0m
[ 80%] [32mBuilding CXX object src/CMakeFiles/orocos-kdl.dir/utilities/error_stack.cxx.o[0m
[ 82%] [32mBuilding CXX object src/CMakeFiles/orocos-kdl.dir/utilities/ldl_solver_eigen.cpp.o[0m
[ 83%] [32mBuilding CXX object src/CMakeFiles/orocos-kdl.dir/utilities/svd_HH.cpp.o[0m
[ 85%] [32mBuilding CXX object src/CMakeFiles/orocos-kdl.dir/utilities/svd_eigen_HH.cpp.o[0m
[ 86%] [32mBuilding CXX object src/CMakeFiles/orocos-kdl.dir/utilities/svd_eigen_Macie.cpp.o[0m
[ 88%] [32mBuilding CXX object src/CMakeFiles/orocos-kdl.dir/utilities/utility.cxx.o[0m
[ 89%] [32mBuilding CXX object src/CMakeFiles/orocos-kdl.dir/utilities/utility_io.cxx.o[0m
[ 91%] [32mBuilding CXX object src/CMakeFiles/orocos-kdl.dir/velocityprofile.cpp.o[0m
[ 92%] [32mBuilding CXX object src/CMakeFiles/orocos-kdl.dir/velocityprofile_dirac.cpp.o[0m
[ 94%] [32mBuilding CXX object src/CMakeFiles/orocos-kdl.dir/velocityprofile_rect.cpp.o[0m
[ 95%] [32mBuilding CXX object src/CMakeFiles/orocos-kdl.dir/velocityprofile_spline.cpp.o[0m
[ 97%] [32mBuilding CXX object src/CMakeFiles/orocos-kdl.dir/velocityprofile_trap.cpp.o[0m
[ 98%] [32mBuilding CXX object src/CMakeFiles/orocos-kdl.dir/velocityprofile_traphalf.cpp.o[0m
[100%] [32m[1mLinking CXX shared library liborocos-kdl.so[0m
[100%] Built target orocos-kdl
-- Install configuration: "Release"
-- Installing: /home/user/ros2_ws/src/Roboticslab24/Homework2/kdl/orocos_kinematics_dynamics/orocos_kdl/install/orocos_kdl/share/orocos_kdl/cmake/FindEigen3.cmake
-- Installing: /home/user/ros2_ws/src/Roboticslab24/Homework2/kdl/orocos_kinematics_dynamics/orocos_kdl/install/orocos_kdl/share/orocos_kdl/cmake/orocos_kdl-config.cmake
-- Installing: /home/user/ros2_ws/src/Roboticslab24/Homework2/kdl/orocos_kinematics_dynamics/orocos_kdl/install/orocos_kdl/share/orocos_kdl/cmake/orocos_kdl-config-version.cmake
-- Installing: /home/user/ros2_ws/src/Roboticslab24/Homework2/kdl/orocos_kinematics_dynamics/orocos_kdl/install/orocos_kdl/share/orocos_kdl/cmake/OrocosKDLTargets.cmake
-- Installing: /home/user/ros2_ws/src/Roboticslab24/Homework2/kdl/orocos_kinematics_dynamics/orocos_kdl/install/orocos_kdl/share/orocos_kdl/cmake/OrocosKDLTargets-release.cmake
-- Installing: /home/user/ros2_ws/src/Roboticslab24/Homework2/kdl/orocos_kinematics_dynamics/orocos_kdl/install/orocos_kdl/lib/pkgconfig/orocos-kdl.pc
-- Installing: /home/user/ros2_ws/src/Roboticslab24/Homework2/kdl/orocos_kinematics_dynamics/orocos_kdl/install/orocos_kdl/lib/pkgconfig/orocos_kdl.pc
-- Installing: /home/user/ros2_ws/src/Roboticslab24/Homework2/kdl/orocos_kinematics_dynamics/orocos_kdl/install/orocos_kdl/lib/liborocos-kdl.so.1.5.1
-- Installing: /home/user/ros2_ws/src/Roboticslab24/Homework2/kdl/orocos_kinematics_dynamics/orocos_kdl/install/orocos_kdl/lib/liborocos-kdl.so.1.5
-- Set runtime path of "/home/user/ros2_ws/src/Roboticslab24/Homework2/kdl/orocos_kinematics_dynamics/orocos_kdl/install/orocos_kdl/lib/liborocos-kdl.so.1.5.1" to "$ORIGIN/../lib"
-- Installing: /home/user/ros2_ws/src/Roboticslab24/Homework2/kdl/orocos_kinematics_dynamics/orocos_kdl/install/orocos_kdl/lib/liborocos-kdl.so
-- Installing: /home/user/ros2_ws/src/Roboticslab24/Homework2/kdl/orocos_kinematics_dynamics/orocos_kdl/install/orocos_kdl/include/kdl/articulatedbodyinertia.hpp
-- Installing: /home/user/ros2_ws/src/Roboticslab24/Homework2/kdl/orocos_kinematics_dynamics/orocos_kdl/install/orocos_kdl/include/kdl/chain.hpp
-- Installing: /home/user/ros2_ws/src/Roboticslab24/Homework2/kdl/orocos_kinematics_dynamics/orocos_kdl/install/orocos_kdl/include/kdl/chaindynparam.hpp
-- Installing: /home/user/ros2_ws/src/Roboticslab24/Homework2/kdl/orocos_kinematics_dynamics/orocos_kdl/install/orocos_kdl/include/kdl/chainexternalwrenchestimator.hpp
-- Installing: /home/user/ros2_ws/src/Roboticslab24/Homework2/kdl/orocos_kinematics_dynamics/orocos_kdl/install/orocos_kdl/include/kdl/chainfdsolver.hpp
-- Installing: /home/user/ros2_ws/src/Roboticslab24/Homework2/kdl/orocos_kinematics_dynamics/orocos_kdl/install/orocos_kdl/include/kdl/chainfdsolver_recursive_newton_euler.hpp
-- Installing: /home/user/ros2_ws/src/Roboticslab24/Homework2/kdl/orocos_kinematics_dynamics/orocos_kdl/install/orocos_kdl/include/kdl/chainfksolver.hpp
-- Installing: /home/user/ros2_ws/src/Roboticslab24/Homework2/kdl/orocos_kinematics_dynamics/orocos_kdl/install/orocos_kdl/include/kdl/chainfksolverpos_recursive.hpp
-- Installing: /home/user/ros2_ws/src/Roboticslab24/Homework2/kdl/orocos_kinematics_dynamics/orocos_kdl/install/orocos_kdl/include/kdl/chainfksolvervel_recursive.hpp
-- Installing: /home/user/ros2_ws/src/Roboticslab24/Homework2/kdl/orocos_kinematics_dynamics/orocos_kdl/install/orocos_kdl/include/kdl/chainhdsolver_vereshchagin.hpp
-- Installing: /home/user/ros2_ws/src/Roboticslab24/Homework2/kdl/orocos_kinematics_dynamics/orocos_kdl/install/orocos_kdl/include/kdl/chainidsolver.hpp
-- Installing: /home/user/ros2_ws/src/Roboticslab24/Homework2/kdl/orocos_kinematics_dynamics/orocos_kdl/install/orocos_kdl/include/kdl/chainidsolver_recursive_newton_euler.hpp
-- Installing: /home/user/ros2_ws/src/Roboticslab24/Homework2/kdl/orocos_kinematics_dynamics/orocos_kdl/install/orocos_kdl/include/kdl/chainidsolver_vereshchagin.hpp
-- Installing: /home/user/ros2_ws/src/Roboticslab24/Homework2/kdl/orocos_kinematics_dynamics/orocos_kdl/install/orocos_kdl/include/kdl/chainiksolver.hpp
-- Installing: /home/user/ros2_ws/src/Roboticslab24/Homework2/kdl/orocos_kinematics_dynamics/orocos_kdl/install/orocos_kdl/include/kdl/chainiksolverpos_lma.hpp
-- Installing: /home/user/ros2_ws/src/Roboticslab24/Homework2/kdl/orocos_kinematics_dynamics/orocos_kdl/install/orocos_kdl/include/kdl/chainiksolverpos_nr.hpp
-- Installing: /home/user/ros2_ws/src/Roboticslab24/Homework2/kdl/orocos_kinematics_dynamics/orocos_kdl/install/orocos_kdl/include/kdl/chainiksolverpos_nr_jl.hpp
-- Installing: /home/user/ros2_ws/src/Roboticslab24/Homework2/kdl/orocos_kinematics_dynamics/orocos_kdl/install/orocos_kdl/include/kdl/chainiksolvervel_pinv.hpp
-- Installing: /home/user/ros2_ws/src/Roboticslab24/Homework2/kdl/orocos_kinematics_dynamics/orocos_kdl/install/orocos_kdl/include/kdl/chainiksolvervel_pinv_givens.hpp
-- Installing: /home/user/ros2_ws/src/Roboticslab24/Homework2/kdl/orocos_kinematics_dynamics/orocos_kdl/install/orocos_kdl/include/kdl/chainiksolvervel_pinv_nso.hpp
-- Installing: /home/user/ros2_ws/src/Roboticslab24/Homework2/kdl/orocos_kinematics_dynamics/orocos_kdl/install/orocos_kdl/include/kdl/chainiksolvervel_wdls.hpp
-- Installing: /home/user/ros2_ws/src/Roboticslab24/Homework2/kdl/orocos_kinematics_dynamics/orocos_kdl/install/orocos_kdl/include/kdl/chainjnttojacdotsolver.hpp
-- Installing: /home/user/ros2_ws/src/Roboticslab24/Homework2/kdl/orocos_kinematics_dynamics/orocos_kdl/install/orocos_kdl/include/kdl/chainjnttojacsolver.hpp
-- Installing: /home/user/ros2_ws/src/Roboticslab24/Homework2/kdl/orocos_kinematics_dynamics/orocos_kdl/install/orocos_kdl/include/kdl/frameacc.hpp
-- Installing: /home/user/ros2_ws/src/Roboticslab24/Homework2/kdl/orocos_kinematics_dynamics/orocos_kdl/install/orocos_kdl/include/kdl/frameacc.inl
-- Installing: /home/user/ros2_ws/src/Roboticslab24/Homework2/kdl/orocos_kinematics_dynamics/orocos_kdl/install/orocos_kdl/include/kdl/frameacc_io.hpp
-- Installing: /home/user/ros2_ws/src/Roboticslab24/Homework2/kdl/orocos_kinematics_dynamics/orocos_kdl/install/orocos_kdl/include/kdl/frames.hpp
-- Installing: /home/user/ros2_ws/src/Roboticslab24/Homework2/kdl/orocos_kinematics_dynamics/orocos_kdl/install/orocos_kdl/include/kdl/frames.inl
-- Installing: /home/user/ros2_ws/src/Roboticslab24/Homework2/kdl/orocos_kinematics_dynamics/orocos_kdl/install/orocos_kdl/include/kdl/frames_io.hpp
-- Installing: /home/user/ros2_ws/src/Roboticslab24/Homework2/kdl/orocos_kinematics_dynamics/orocos_kdl/install/orocos_kdl/include/kdl/framevel.hpp
-- Installing: /home/user/ros2_ws/src/Roboticslab24/Homework2/kdl/orocos_kinematics_dynamics/orocos_kdl/install/orocos_kdl/include/kdl/framevel.inl
-- Installing: /home/user/ros2_ws/src/Roboticslab24/Homework2/kdl/orocos_kinematics_dynamics/orocos_kdl/install/orocos_kdl/include/kdl/framevel_io.hpp
-- Installing: /home/user/ros2_ws/src/Roboticslab24/Homework2/kdl/orocos_kinematics_dynamics/orocos_kdl/install/orocos_kdl/include/kdl/jacobian.hpp
-- Installing: /home/user/ros2_ws/src/Roboticslab24/Homework2/kdl/orocos_kinematics_dynamics/orocos_kdl/install/orocos_kdl/include/kdl/jntarray.hpp
-- Installing: /home/user/ros2_ws/src/Roboticslab24/Homework2/kdl/orocos_kinematics_dynamics/orocos_kdl/install/orocos_kdl/include/kdl/jntarrayacc.hpp
-- Installing: /home/user/ros2_ws/src/Roboticslab24/Homework2/kdl/orocos_kinematics_dynamics/orocos_kdl/install/orocos_kdl/include/kdl/jntarrayvel.hpp
-- Installing: /home/user/ros2_ws/src/Roboticslab24/Homework2/kdl/orocos_kinematics_dynamics/orocos_kdl/install/orocos_kdl/include/kdl/jntspaceinertiamatrix.hpp
-- Installing: /home/user/ros2_ws/src/Roboticslab24/Homework2/kdl/orocos_kinematics_dynamics/orocos_kdl/install/orocos_kdl/include/kdl/joint.hpp
-- Installing: /home/user/ros2_ws/src/Roboticslab24/Homework2/kdl/orocos_kinematics_dynamics/orocos_kdl/install/orocos_kdl/include/kdl/kdl.hpp
-- Installing: /home/user/ros2_ws/src/Roboticslab24/Homework2/kdl/orocos_kinematics_dynamics/orocos_kdl/install/orocos_kdl/include/kdl/kinfam.hpp
-- Installing: /home/user/ros2_ws/src/Roboticslab24/Homework2/kdl/orocos_kinematics_dynamics/orocos_kdl/install/orocos_kdl/include/kdl/kinfam_io.hpp
-- Installing: /home/user/ros2_ws/src/Roboticslab24/Homework2/kdl/orocos_kinematics_dynamics/orocos_kdl/install/orocos_kdl/include/kdl/motion.hpp
-- Installing: /home/user/ros2_ws/src/Roboticslab24/Homework2/kdl/orocos_kinematics_dynamics/orocos_kdl/install/orocos_kdl/include/kdl/path.hpp
-- Installing: /home/user/ros2_ws/src/Roboticslab24/Homework2/kdl/orocos_kinematics_dynamics/orocos_kdl/install/orocos_kdl/include/kdl/path_circle.hpp
-- Installing: /home/user/ros2_ws/src/Roboticslab24/Homework2/kdl/orocos_kinematics_dynamics/orocos_kdl/install/orocos_kdl/include/kdl/path_composite.hpp
-- Installing: /home/user/ros2_ws/src/Roboticslab24/Homework2/kdl/orocos_kinematics_dynamics/orocos_kdl/install/orocos_kdl/include/kdl/path_cyclic_closed.hpp
-- Installing: /home/user/ros2_ws/src/Roboticslab24/Homework2/kdl/orocos_kinematics_dynamics/orocos_kdl/install/orocos_kdl/include/kdl/path_line.hpp
-- Installing: /home/user/ros2_ws/src/Roboticslab24/Homework2/kdl/orocos_kinematics_dynamics/orocos_kdl/install/orocos_kdl/include/kdl/path_point.hpp
-- Installing: /home/user/ros2_ws/src/Roboticslab24/Homework2/kdl/orocos_kinematics_dynamics/orocos_kdl/install/orocos_kdl/include/kdl/path_roundedcomposite.hpp
-- Installing: /home/user/ros2_ws/src/Roboticslab24/Homework2/kdl/orocos_kinematics_dynamics/orocos_kdl/install/orocos_kdl/include/kdl/rigidbodyinertia.hpp
-- Installing: /home/user/ros2_ws/src/Roboticslab24/Homework2/kdl/orocos_kinematics_dynamics/orocos_kdl/install/orocos_kdl/include/kdl/rotational_interpolation.hpp
-- Installing: /home/user/ros2_ws/src/Roboticslab24/Homework2/kdl/orocos_kinematics_dynamics/orocos_kdl/install/orocos_kdl/include/kdl/rotational_interpolation_sa.hpp
-- Installing: /home/user/ros2_ws/src/Roboticslab24/Homework2/kdl/orocos_kinematics_dynamics/orocos_kdl/install/orocos_kdl/include/kdl/rotationalinertia.hpp
-- Installing: /home/user/ros2_ws/src/Roboticslab24/Homework2/kdl/orocos_kinematics_dynamics/orocos_kdl/install/orocos_kdl/include/kdl/segment.hpp
-- Installing: /home/user/ros2_ws/src/Roboticslab24/Homework2/kdl/orocos_kinematics_dynamics/orocos_kdl/install/orocos_kdl/include/kdl/solveri.hpp
-- Installing: /home/user/ros2_ws/src/Roboticslab24/Homework2/kdl/orocos_kinematics_dynamics/orocos_kdl/install/orocos_kdl/include/kdl/stiffness.hpp
-- Installing: /home/user/ros2_ws/src/Roboticslab24/Homework2/kdl/orocos_kinematics_dynamics/orocos_kdl/install/orocos_kdl/include/kdl/trajectory.hpp
-- Installing: /home/user/ros2_ws/src/Roboticslab24/Homework2/kdl/orocos_kinematics_dynamics/orocos_kdl/install/orocos_kdl/include/kdl/trajectory_composite.hpp
-- Installing: /home/user/ros2_ws/src/Roboticslab24/Homework2/kdl/orocos_kinematics_dynamics/orocos_kdl/install/orocos_kdl/include/kdl/trajectory_segment.hpp
-- Installing: /home/user/ros2_ws/src/Roboticslab24/Homework2/kdl/orocos_kinematics_dynamics/orocos_kdl/install/orocos_kdl/include/kdl/trajectory_stationary.hpp
-- Installing: /home/user/ros2_ws/src/Roboticslab24/Homework2/kdl/orocos_kinematics_dynamics/orocos_kdl/install/orocos_kdl/include/kdl/tree.hpp
-- Installing: /home/user/ros2_ws/src/Roboticslab24/Homework2/kdl/orocos_kinematics_dynamics/orocos_kdl/install/orocos_kdl/include/kdl/treefksolver.hpp
-- Installing: /home/user/ros2_ws/src/Roboticslab24/Homework2/kdl/orocos_kinematics_dynamics/orocos_kdl/install/orocos_kdl/include/kdl/treefksolverpos_recursive.hpp
-- Installing: /home/user/ros2_ws/src/Roboticslab24/Homework2/kdl/orocos_kinematics_dynamics/orocos_kdl/install/orocos_kdl/include/kdl/treeidsolver.hpp
-- Installing: /home/user/ros2_ws/src/Roboticslab24/Homework2/kdl/orocos_kinematics_dynamics/orocos_kdl/install/orocos_kdl/include/kdl/treeidsolver_recursive_newton_euler.hpp
-- Installing: /home/user/ros2_ws/src/Roboticslab24/Homework2/kdl/orocos_kinematics_dynamics/orocos_kdl/install/orocos_kdl/include/kdl/treeiksolver.hpp
-- Installing: /home/user/ros2_ws/src/Roboticslab24/Homework2/kdl/orocos_kinematics_dynamics/orocos_kdl/install/orocos_kdl/include/kdl/treeiksolverpos_nr_jl.hpp
-- Installing: /home/user/ros2_ws/src/Roboticslab24/Homework2/kdl/orocos_kinematics_dynamics/orocos_kdl/install/orocos_kdl/include/kdl/treeiksolverpos_online.hpp
-- Installing: /home/user/ros2_ws/src/Roboticslab24/Homework2/kdl/orocos_kinematics_dynamics/orocos_kdl/install/orocos_kdl/include/kdl/treeiksolvervel_wdls.hpp
-- Installing: /home/user/ros2_ws/src/Roboticslab24/Homework2/kdl/orocos_kinematics_dynamics/orocos_kdl/install/orocos_kdl/include/kdl/treejnttojacsolver.hpp
-- Installing: /home/user/ros2_ws/src/Roboticslab24/Homework2/kdl/orocos_kinematics_dynamics/orocos_kdl/install/orocos_kdl/include/kdl/velocityprofile.hpp
-- Installing: /home/user/ros2_ws/src/Roboticslab24/Homework2/kdl/orocos_kinematics_dynamics/orocos_kdl/install/orocos_kdl/include/kdl/velocityprofile_dirac.hpp
-- Installing: /home/user/ros2_ws/src/Roboticslab24/Homework2/kdl/orocos_kinematics_dynamics/orocos_kdl/install/orocos_kdl/include/kdl/velocityprofile_rect.hpp
-- Installing: /home/user/ros2_ws/src/Roboticslab24/Homework2/kdl/orocos_kinematics_dynamics/orocos_kdl/install/orocos_kdl/include/kdl/velocityprofile_spline.hpp
-- Installing: /home/user/ros2_ws/src/Roboticslab24/Homework2/kdl/orocos_kinematics_dynamics/orocos_kdl/install/orocos_kdl/include/kdl/velocityprofile_trap.hpp
-- Installing: /home/user/ros2_ws/src/Roboticslab24/Homework2/kdl/orocos_kinematics_dynamics/orocos_kdl/install/orocos_kdl/include/kdl/velocityprofile_traphalf.hpp
-- Installing: /home/user/ros2_ws/src/Roboticslab24/Homework2/kdl/orocos_kinematics_dynamics/orocos_kdl/install/orocos_kdl/include/kdl/config.h
-- Installing: /home/user/ros2_ws/src/Roboticslab24/Homework2/kdl/orocos_kinematics_dynamics/orocos_kdl/install/orocos_kdl/include/kdl/utilities/error.h
-- Installing: /home/user/ros2_ws/src/Roboticslab24/Homework2/kdl/orocos_kinematics_dynamics/orocos_kdl/install/orocos_kdl/include/kdl/utilities/error_stack.h
-- Installing: /home/user/ros2_ws/src/Roboticslab24/Homework2/kdl/orocos_kinematics_dynamics/orocos_kdl/install/orocos_kdl/include/kdl/utilities/hash_combine.h
-- Installing: /home/user/ros2_ws/src/Roboticslab24/Homework2/kdl/orocos_kinematics_dynamics/orocos_kdl/install/orocos_kdl/include/kdl/utilities/kdl-config.h
-- Installing: /home/user/ros2_ws/src/Roboticslab24/Homework2/kdl/orocos_kinematics_dynamics/orocos_kdl/install/orocos_kdl/include/kdl/utilities/ldl_solver_eigen.hpp
-- Installing: /home/user/ros2_ws/src/Roboticslab24/Homework2/kdl/orocos_kinematics_dynamics/orocos_kdl/install/orocos_kdl/include/kdl/utilities/rall1d.h
-- Installing: /home/user/ros2_ws/src/Roboticslab24/Homework2/kdl/orocos_kinematics_dynamics/orocos_kdl/install/orocos_kdl/include/kdl/utilities/rall1d_io.h
-- Installing: /home/user/ros2_ws/src/Roboticslab24/Homework2/kdl/orocos_kinematics_dynamics/orocos_kdl/install/orocos_kdl/include/kdl/utilities/rall2d.h
-- Installing: /home/user/ros2_ws/src/Roboticslab24/Homework2/kdl/orocos_kinematics_dynamics/orocos_kdl/install/orocos_kdl/include/kdl/utilities/rall2d_io.h
-- Installing: /home/user/ros2_ws/src/Roboticslab24/Homework2/kdl/orocos_kinematics_dynamics/orocos_kdl/install/orocos_kdl/include/kdl/utilities/rallNd.h
-- Installing: /home/user/ros2_ws/src/Roboticslab24/Homework2/kdl/orocos_kinematics_dynamics/orocos_kdl/install/orocos_kdl/include/kdl/utilities/scoped_ptr.hpp
-- Installing: /home/user/ros2_ws/src/Roboticslab24/Homework2/kdl/orocos_kinematics_dynamics/orocos_kdl/install/orocos_kdl/include/kdl/utilities/svd_HH.hpp
-- Installing: /home/user/ros2_ws/src/Roboticslab24/Homework2/kdl/orocos_kinematics_dynamics/orocos_kdl/install/orocos_kdl/include/kdl/utilities/svd_eigen_HH.hpp
-- Installing: /home/user/ros2_ws/src/Roboticslab24/Homework2/kdl/orocos_kinematics_dynamics/orocos_kdl/install/orocos_kdl/include/kdl/utilities/svd_eigen_Macie.hpp
-- Installing: /home/user/ros2_ws/src/Roboticslab24/Homework2/kdl/orocos_kinematics_dynamics/orocos_kdl/install/orocos_kdl/include/kdl/utilities/traits.h
-- Installing: /home/user/ros2_ws/src/Roboticslab24/Homework2/kdl/orocos_kinematics_dynamics/orocos_kdl/install/orocos_kdl/include/kdl/utilities/utility.h
-- Installing: /home/user/ros2_ws/src/Roboticslab24/Homework2/kdl/orocos_kinematics_dynamics/orocos_kdl/install/orocos_kdl/include/kdl/utilities/utility_io.h
