[0.026s] Invoking command in '/home/user/ros2_ws/src/Roboticslab24/Homework2/kdl/orocos_kinematics_dynamics/orocos_kdl/build/orocos_kdl': CMAKE_PREFIX_PATH=/opt/ros/humble /usr/bin/cmake /home/user/ros2_ws/src/Roboticslab24/Homework2/kdl/orocos_kinematics_dynamics/orocos_kdl -DCMAKE_INSTALL_PREFIX=/home/user/ros2_ws/src/Roboticslab24/Homework2/kdl/orocos_kinematics_dynamics/orocos_kdl/install/orocos_kdl
[0.243s] -- The C compiler identification is GNU 11.4.0
[0.401s] -- The CXX compiler identification is GNU 11.4.0
[0.422s] -- Detecting C compiler ABI info
[0.560s] -- Detecting C compiler ABI info - done
[0.572s] -- Check for working C compiler: /usr/bin/cc - skipped
[0.572s] -- Detecting C compile features
[0.573s] -- Detecting C compile features - done
[0.577s] -- Detecting CXX compiler ABI info
[0.728s] -- Detecting CXX compiler ABI info - done
[0.739s] -- Check for working CXX compiler: /usr/bin/c++ - skipped
[0.739s] -- Detecting CXX compile features
[0.740s] -- Detecting CXX compile features - done
[0.741s] -- Orocos KDL version  (1.5.1)
[0.771s] -- Setting build type to 'Release'
[0.783s] -- Performing Test HAVE_STL_CONTAINER_INCOMPLETE_TYPES
[1.192s] -- Performing Test HAVE_STL_CONTAINER_INCOMPLETE_TYPES - Success
[1.205s] -- Configuring done
[1.232s] -- Generating done
[1.234s] -- Build files have been written to: /home/user/ros2_ws/src/Roboticslab24/Homework2/kdl/orocos_kinematics_dynamics/orocos_kdl/build/orocos_kdl
[1.240s] Invoked command in '/home/user/ros2_ws/src/Roboticslab24/Homework2/kdl/orocos_kinematics_dynamics/orocos_kdl/build/orocos_kdl' returned '0': CMAKE_PREFIX_PATH=/opt/ros/humble /usr/bin/cmake /home/user/ros2_ws/src/Roboticslab24/Homework2/kdl/orocos_kinematics_dynamics/orocos_kdl -DCMAKE_INSTALL_PREFIX=/home/user/ros2_ws/src/Roboticslab24/Homework2/kdl/orocos_kinematics_dynamics/orocos_kdl/install/orocos_kdl
[1.244s] Invoking command in '/home/user/ros2_ws/src/Roboticslab24/Homework2/kdl/orocos_kinematics_dynamics/orocos_kdl/build/orocos_kdl': CMAKE_PREFIX_PATH=/opt/ros/humble /usr/bin/cmake --build /home/user/ros2_ws/src/Roboticslab24/Homework2/kdl/orocos_kinematics_dynamics/orocos_kdl/build/orocos_kdl -- -j8 -l8
[1.337s] [  2%] [32mBuilding CXX object src/CMakeFiles/orocos-kdl.dir/chain.cpp.o[0m
[1.337s] [  5%] [32mBuilding CXX object src/CMakeFiles/orocos-kdl.dir/chainexternalwrenchestimator.cpp.o[0m
[1.337s] [  5%] [32mBuilding CXX object src/CMakeFiles/orocos-kdl.dir/articulatedbodyinertia.cpp.o[0m
[1.338s] [  5%] [32mBuilding CXX object src/CMakeFiles/orocos-kdl.dir/chaindynparam.cpp.o[0m
[1.338s] [  7%] [32mBuilding CXX object src/CMakeFiles/orocos-kdl.dir/chainfksolvervel_recursive.cpp.o[0m
[1.338s] [  8%] [32mBuilding CXX object src/CMakeFiles/orocos-kdl.dir/chainhdsolver_vereshchagin.cpp.o[0m
[1.340s] [ 10%] [32mBuilding CXX object src/CMakeFiles/orocos-kdl.dir/chainfksolverpos_recursive.cpp.o[0m
[1.340s] [ 11%] [32mBuilding CXX object src/CMakeFiles/orocos-kdl.dir/chainfdsolver_recursive_newton_euler.cpp.o[0m
[2.685s] [ 13%] [32mBuilding CXX object src/CMakeFiles/orocos-kdl.dir/chainidsolver_recursive_newton_euler.cpp.o[0m
[3.930s] [ 14%] [32mBuilding CXX object src/CMakeFiles/orocos-kdl.dir/chainidsolver_vereshchagin.cpp.o[0m
[4.152s] [ 16%] [32mBuilding CXX object src/CMakeFiles/orocos-kdl.dir/chainiksolverpos_lma.cpp.o[0m
[4.245s] [ 17%] [32mBuilding CXX object src/CMakeFiles/orocos-kdl.dir/chainiksolverpos_nr.cpp.o[0m
[4.653s] [ 19%] [32mBuilding CXX object src/CMakeFiles/orocos-kdl.dir/chainiksolverpos_nr_jl.cpp.o[0m
[5.739s] [ 20%] [32mBuilding CXX object src/CMakeFiles/orocos-kdl.dir/chainiksolvervel_pinv.cpp.o[0m
[6.604s] [ 22%] [32mBuilding CXX object src/CMakeFiles/orocos-kdl.dir/chainiksolvervel_pinv_givens.cpp.o[0m
[6.730s] [ 23%] [32mBuilding CXX object src/CMakeFiles/orocos-kdl.dir/chainiksolvervel_pinv_nso.cpp.o[0m
[7.396s] [ 25%] [32mBuilding CXX object src/CMakeFiles/orocos-kdl.dir/chainiksolvervel_wdls.cpp.o[0m
[7.491s] [ 26%] [32mBuilding CXX object src/CMakeFiles/orocos-kdl.dir/chainjnttojacdotsolver.cpp.o[0m
[8.417s] [ 28%] [32mBuilding CXX object src/CMakeFiles/orocos-kdl.dir/chainjnttojacsolver.cpp.o[0m
[9.722s] [ 29%] [32mBuilding CXX object src/CMakeFiles/orocos-kdl.dir/frameacc.cpp.o[0m
[10.324s] [ 31%] [32mBuilding CXX object src/CMakeFiles/orocos-kdl.dir/frames.cpp.o[0m
[10.489s] [ 32%] [32mBuilding CXX object src/CMakeFiles/orocos-kdl.dir/frames_io.cpp.o[0m
[11.082s] [ 34%] [32mBuilding CXX object src/CMakeFiles/orocos-kdl.dir/framevel.cpp.o[0m
[11.411s] [ 35%] [32mBuilding CXX object src/CMakeFiles/orocos-kdl.dir/jacobian.cpp.o[0m
[11.413s] [ 37%] [32mBuilding CXX object src/CMakeFiles/orocos-kdl.dir/jntarray.cpp.o[0m
[11.955s] [ 38%] [32mBuilding CXX object src/CMakeFiles/orocos-kdl.dir/jntarrayacc.cpp.o[0m
[12.236s] [ 40%] [32mBuilding CXX object src/CMakeFiles/orocos-kdl.dir/jntarrayvel.cpp.o[0m
[13.364s] [ 41%] [32mBuilding CXX object src/CMakeFiles/orocos-kdl.dir/jntspaceinertiamatrix.cpp.o[0m
[13.444s] [ 43%] [32mBuilding CXX object src/CMakeFiles/orocos-kdl.dir/joint.cpp.o[0m
[14.267s] [ 44%] [32mBuilding CXX object src/CMakeFiles/orocos-kdl.dir/kinfam_io.cpp.o[0m
[14.312s] [ 46%] [32mBuilding CXX object src/CMakeFiles/orocos-kdl.dir/path.cpp.o[0m
[14.475s] [ 47%] [32mBuilding CXX object src/CMakeFiles/orocos-kdl.dir/path_circle.cpp.o[0m
[14.485s] [ 49%] [32mBuilding CXX object src/CMakeFiles/orocos-kdl.dir/path_composite.cpp.o[0m
[14.765s] [ 50%] [32mBuilding CXX object src/CMakeFiles/orocos-kdl.dir/path_cyclic_closed.cpp.o[0m
[16.630s] [ 52%] [32mBuilding CXX object src/CMakeFiles/orocos-kdl.dir/path_line.cpp.o[0m
[16.787s] [ 53%] [32mBuilding CXX object src/CMakeFiles/orocos-kdl.dir/path_point.cpp.o[0m
[16.937s] [ 55%] [32mBuilding CXX object src/CMakeFiles/orocos-kdl.dir/path_roundedcomposite.cpp.o[0m
[16.983s] [ 56%] [32mBuilding CXX object src/CMakeFiles/orocos-kdl.dir/rigidbodyinertia.cpp.o[0m
[17.115s] [ 58%] [32mBuilding CXX object src/CMakeFiles/orocos-kdl.dir/rotational_interpolation.cpp.o[0m
[17.263s] [ 59%] [32mBuilding CXX object src/CMakeFiles/orocos-kdl.dir/rotational_interpolation_sa.cpp.o[0m
[18.040s] [ 61%] [32mBuilding CXX object src/CMakeFiles/orocos-kdl.dir/rotationalinertia.cpp.o[0m
[19.147s] [ 62%] [32mBuilding CXX object src/CMakeFiles/orocos-kdl.dir/segment.cpp.o[0m
[19.779s] [ 64%] [32mBuilding CXX object src/CMakeFiles/orocos-kdl.dir/trajectory.cpp.o[0m
[19.997s] [ 65%] [32mBuilding CXX object src/CMakeFiles/orocos-kdl.dir/trajectory_composite.cpp.o[0m
[20.112s] [ 67%] [32mBuilding CXX object src/CMakeFiles/orocos-kdl.dir/trajectory_segment.cpp.o[0m
[20.169s] [ 68%] [32mBuilding CXX object src/CMakeFiles/orocos-kdl.dir/trajectory_stationary.cpp.o[0m
[20.973s] [ 70%] [32mBuilding CXX object src/CMakeFiles/orocos-kdl.dir/tree.cpp.o[0m
[21.636s] [ 71%] [32mBuilding CXX object src/CMakeFiles/orocos-kdl.dir/treefksolverpos_recursive.cpp.o[0m
[22.770s] [ 73%] [32mBuilding CXX object src/CMakeFiles/orocos-kdl.dir/treeidsolver_recursive_newton_euler.cpp.o[0m
[22.816s] [ 74%] [32mBuilding CXX object src/CMakeFiles/orocos-kdl.dir/treeiksolverpos_nr_jl.cpp.o[0m
[22.834s] [ 76%] [32mBuilding CXX object src/CMakeFiles/orocos-kdl.dir/treeiksolverpos_online.cpp.o[0m
[23.182s] [ 77%] [32mBuilding CXX object src/CMakeFiles/orocos-kdl.dir/treeiksolvervel_wdls.cpp.o[0m
[23.374s] [ 79%] [32mBuilding CXX object src/CMakeFiles/orocos-kdl.dir/treejnttojacsolver.cpp.o[0m
[23.894s] [ 80%] [32mBuilding CXX object src/CMakeFiles/orocos-kdl.dir/utilities/error_stack.cxx.o[0m
[24.339s] [ 82%] [32mBuilding CXX object src/CMakeFiles/orocos-kdl.dir/utilities/ldl_solver_eigen.cpp.o[0m
[25.199s] [ 83%] [32mBuilding CXX object src/CMakeFiles/orocos-kdl.dir/utilities/svd_HH.cpp.o[0m
[25.715s] [ 85%] [32mBuilding CXX object src/CMakeFiles/orocos-kdl.dir/utilities/svd_eigen_HH.cpp.o[0m
[25.823s] [ 86%] [32mBuilding CXX object src/CMakeFiles/orocos-kdl.dir/utilities/svd_eigen_Macie.cpp.o[0m
[25.943s] [ 88%] [32mBuilding CXX object src/CMakeFiles/orocos-kdl.dir/utilities/utility.cxx.o[0m
[26.490s] [ 89%] [32mBuilding CXX object src/CMakeFiles/orocos-kdl.dir/utilities/utility_io.cxx.o[0m
[26.873s] [ 91%] [32mBuilding CXX object src/CMakeFiles/orocos-kdl.dir/velocityprofile.cpp.o[0m
[27.164s] [ 92%] [32mBuilding CXX object src/CMakeFiles/orocos-kdl.dir/velocityprofile_dirac.cpp.o[0m
[27.478s] [ 94%] [32mBuilding CXX object src/CMakeFiles/orocos-kdl.dir/velocityprofile_rect.cpp.o[0m
[28.156s] [ 95%] [32mBuilding CXX object src/CMakeFiles/orocos-kdl.dir/velocityprofile_spline.cpp.o[0m
[28.278s] [ 97%] [32mBuilding CXX object src/CMakeFiles/orocos-kdl.dir/velocityprofile_trap.cpp.o[0m
[28.747s] [ 98%] [32mBuilding CXX object src/CMakeFiles/orocos-kdl.dir/velocityprofile_traphalf.cpp.o[0m
[30.466s] [100%] [32m[1mLinking CXX shared library liborocos-kdl.so[0m
[30.669s] [100%] Built target orocos-kdl
[30.693s] Invoked command in '/home/user/ros2_ws/src/Roboticslab24/Homework2/kdl/orocos_kinematics_dynamics/orocos_kdl/build/orocos_kdl' returned '0': CMAKE_PREFIX_PATH=/opt/ros/humble /usr/bin/cmake --build /home/user/ros2_ws/src/Roboticslab24/Homework2/kdl/orocos_kinematics_dynamics/orocos_kdl/build/orocos_kdl -- -j8 -l8
[30.738s] Invoking command in '/home/user/ros2_ws/src/Roboticslab24/Homework2/kdl/orocos_kinematics_dynamics/orocos_kdl/build/orocos_kdl': CMAKE_PREFIX_PATH=/opt/ros/humble /usr/bin/cmake --install /home/user/ros2_ws/src/Roboticslab24/Homework2/kdl/orocos_kinematics_dynamics/orocos_kdl/build/orocos_kdl
[30.749s] -- Install configuration: "Release"
[30.750s] -- Installing: /home/user/ros2_ws/src/Roboticslab24/Homework2/kdl/orocos_kinematics_dynamics/orocos_kdl/install/orocos_kdl/share/orocos_kdl/cmake/FindEigen3.cmake
[30.750s] -- Installing: /home/user/ros2_ws/src/Roboticslab24/Homework2/kdl/orocos_kinematics_dynamics/orocos_kdl/install/orocos_kdl/share/orocos_kdl/cmake/orocos_kdl-config.cmake
[30.750s] -- Installing: /home/user/ros2_ws/src/Roboticslab24/Homework2/kdl/orocos_kinematics_dynamics/orocos_kdl/install/orocos_kdl/share/orocos_kdl/cmake/orocos_kdl-config-version.cmake
[30.750s] -- Installing: /home/user/ros2_ws/src/Roboticslab24/Homework2/kdl/orocos_kinematics_dynamics/orocos_kdl/install/orocos_kdl/share/orocos_kdl/cmake/OrocosKDLTargets.cmake
[30.750s] -- Installing: /home/user/ros2_ws/src/Roboticslab24/Homework2/kdl/orocos_kinematics_dynamics/orocos_kdl/install/orocos_kdl/share/orocos_kdl/cmake/OrocosKDLTargets-release.cmake
[30.751s] -- Installing: /home/user/ros2_ws/src/Roboticslab24/Homework2/kdl/orocos_kinematics_dynamics/orocos_kdl/install/orocos_kdl/lib/pkgconfig/orocos-kdl.pc
[30.751s] -- Installing: /home/user/ros2_ws/src/Roboticslab24/Homework2/kdl/orocos_kinematics_dynamics/orocos_kdl/install/orocos_kdl/lib/pkgconfig/orocos_kdl.pc
[30.753s] -- Installing: /home/user/ros2_ws/src/Roboticslab24/Homework2/kdl/orocos_kinematics_dynamics/orocos_kdl/install/orocos_kdl/lib/liborocos-kdl.so.1.5.1
[30.754s] -- Installing: /home/user/ros2_ws/src/Roboticslab24/Homework2/kdl/orocos_kinematics_dynamics/orocos_kdl/install/orocos_kdl/lib/liborocos-kdl.so.1.5
[30.754s] -- Set runtime path of "/home/user/ros2_ws/src/Roboticslab24/Homework2/kdl/orocos_kinematics_dynamics/orocos_kdl/install/orocos_kdl/lib/liborocos-kdl.so.1.5.1" to "$ORIGIN/../lib"
[30.754s] -- Installing: /home/user/ros2_ws/src/Roboticslab24/Homework2/kdl/orocos_kinematics_dynamics/orocos_kdl/install/orocos_kdl/lib/liborocos-kdl.so
[30.754s] -- Installing: /home/user/ros2_ws/src/Roboticslab24/Homework2/kdl/orocos_kinematics_dynamics/orocos_kdl/install/orocos_kdl/include/kdl/articulatedbodyinertia.hpp
[30.755s] -- Installing: /home/user/ros2_ws/src/Roboticslab24/Homework2/kdl/orocos_kinematics_dynamics/orocos_kdl/install/orocos_kdl/include/kdl/chain.hpp
[30.755s] -- Installing: /home/user/ros2_ws/src/Roboticslab24/Homework2/kdl/orocos_kinematics_dynamics/orocos_kdl/install/orocos_kdl/include/kdl/chaindynparam.hpp
[30.755s] -- Installing: /home/user/ros2_ws/src/Roboticslab24/Homework2/kdl/orocos_kinematics_dynamics/orocos_kdl/install/orocos_kdl/include/kdl/chainexternalwrenchestimator.hpp
[30.755s] -- Installing: /home/user/ros2_ws/src/Roboticslab24/Homework2/kdl/orocos_kinematics_dynamics/orocos_kdl/install/orocos_kdl/include/kdl/chainfdsolver.hpp
[30.755s] -- Installing: /home/user/ros2_ws/src/Roboticslab24/Homework2/kdl/orocos_kinematics_dynamics/orocos_kdl/install/orocos_kdl/include/kdl/chainfdsolver_recursive_newton_euler.hpp
[30.755s] -- Installing: /home/user/ros2_ws/src/Roboticslab24/Homework2/kdl/orocos_kinematics_dynamics/orocos_kdl/install/orocos_kdl/include/kdl/chainfksolver.hpp
[30.755s] -- Installing: /home/user/ros2_ws/src/Roboticslab24/Homework2/kdl/orocos_kinematics_dynamics/orocos_kdl/install/orocos_kdl/include/kdl/chainfksolverpos_recursive.hpp
[30.756s] -- Installing: /home/user/ros2_ws/src/Roboticslab24/Homework2/kdl/orocos_kinematics_dynamics/orocos_kdl/install/orocos_kdl/include/kdl/chainfksolvervel_recursive.hpp
[30.756s] -- Installing: /home/user/ros2_ws/src/Roboticslab24/Homework2/kdl/orocos_kinematics_dynamics/orocos_kdl/install/orocos_kdl/include/kdl/chainhdsolver_vereshchagin.hpp
[30.756s] -- Installing: /home/user/ros2_ws/src/Roboticslab24/Homework2/kdl/orocos_kinematics_dynamics/orocos_kdl/install/orocos_kdl/include/kdl/chainidsolver.hpp
[30.756s] -- Installing: /home/user/ros2_ws/src/Roboticslab24/Homework2/kdl/orocos_kinematics_dynamics/orocos_kdl/install/orocos_kdl/include/kdl/chainidsolver_recursive_newton_euler.hpp
[30.756s] -- Installing: /home/user/ros2_ws/src/Roboticslab24/Homework2/kdl/orocos_kinematics_dynamics/orocos_kdl/install/orocos_kdl/include/kdl/chainidsolver_vereshchagin.hpp
[30.756s] -- Installing: /home/user/ros2_ws/src/Roboticslab24/Homework2/kdl/orocos_kinematics_dynamics/orocos_kdl/install/orocos_kdl/include/kdl/chainiksolver.hpp
[30.757s] -- Installing: /home/user/ros2_ws/src/Roboticslab24/Homework2/kdl/orocos_kinematics_dynamics/orocos_kdl/install/orocos_kdl/include/kdl/chainiksolverpos_lma.hpp
[30.757s] -- Installing: /home/user/ros2_ws/src/Roboticslab24/Homework2/kdl/orocos_kinematics_dynamics/orocos_kdl/install/orocos_kdl/include/kdl/chainiksolverpos_nr.hpp
[30.757s] -- Installing: /home/user/ros2_ws/src/Roboticslab24/Homework2/kdl/orocos_kinematics_dynamics/orocos_kdl/install/orocos_kdl/include/kdl/chainiksolverpos_nr_jl.hpp
[30.757s] -- Installing: /home/user/ros2_ws/src/Roboticslab24/Homework2/kdl/orocos_kinematics_dynamics/orocos_kdl/install/orocos_kdl/include/kdl/chainiksolvervel_pinv.hpp
[30.757s] -- Installing: /home/user/ros2_ws/src/Roboticslab24/Homework2/kdl/orocos_kinematics_dynamics/orocos_kdl/install/orocos_kdl/include/kdl/chainiksolvervel_pinv_givens.hpp
[30.757s] -- Installing: /home/user/ros2_ws/src/Roboticslab24/Homework2/kdl/orocos_kinematics_dynamics/orocos_kdl/install/orocos_kdl/include/kdl/chainiksolvervel_pinv_nso.hpp
[30.757s] -- Installing: /home/user/ros2_ws/src/Roboticslab24/Homework2/kdl/orocos_kinematics_dynamics/orocos_kdl/install/orocos_kdl/include/kdl/chainiksolvervel_wdls.hpp
[30.757s] -- Installing: /home/user/ros2_ws/src/Roboticslab24/Homework2/kdl/orocos_kinematics_dynamics/orocos_kdl/install/orocos_kdl/include/kdl/chainjnttojacdotsolver.hpp
[30.758s] -- Installing: /home/user/ros2_ws/src/Roboticslab24/Homework2/kdl/orocos_kinematics_dynamics/orocos_kdl/install/orocos_kdl/include/kdl/chainjnttojacsolver.hpp
[30.758s] -- Installing: /home/user/ros2_ws/src/Roboticslab24/Homework2/kdl/orocos_kinematics_dynamics/orocos_kdl/install/orocos_kdl/include/kdl/frameacc.hpp
[30.758s] -- Installing: /home/user/ros2_ws/src/Roboticslab24/Homework2/kdl/orocos_kinematics_dynamics/orocos_kdl/install/orocos_kdl/include/kdl/frameacc.inl
[30.758s] -- Installing: /home/user/ros2_ws/src/Roboticslab24/Homework2/kdl/orocos_kinematics_dynamics/orocos_kdl/install/orocos_kdl/include/kdl/frameacc_io.hpp
[30.758s] -- Installing: /home/user/ros2_ws/src/Roboticslab24/Homework2/kdl/orocos_kinematics_dynamics/orocos_kdl/install/orocos_kdl/include/kdl/frames.hpp
[30.758s] -- Installing: /home/user/ros2_ws/src/Roboticslab24/Homework2/kdl/orocos_kinematics_dynamics/orocos_kdl/install/orocos_kdl/include/kdl/frames.inl
[30.758s] -- Installing: /home/user/ros2_ws/src/Roboticslab24/Homework2/kdl/orocos_kinematics_dynamics/orocos_kdl/install/orocos_kdl/include/kdl/frames_io.hpp
[30.759s] -- Installing: /home/user/ros2_ws/src/Roboticslab24/Homework2/kdl/orocos_kinematics_dynamics/orocos_kdl/install/orocos_kdl/include/kdl/framevel.hpp
[30.760s] -- Installing: /home/user/ros2_ws/src/Roboticslab24/Homework2/kdl/orocos_kinematics_dynamics/orocos_kdl/install/orocos_kdl/include/kdl/framevel.inl
[30.760s] -- Installing: /home/user/ros2_ws/src/Roboticslab24/Homework2/kdl/orocos_kinematics_dynamics/orocos_kdl/install/orocos_kdl/include/kdl/framevel_io.hpp
[30.760s] -- Installing: /home/user/ros2_ws/src/Roboticslab24/Homework2/kdl/orocos_kinematics_dynamics/orocos_kdl/install/orocos_kdl/include/kdl/jacobian.hpp
[30.761s] -- Installing: /home/user/ros2_ws/src/Roboticslab24/Homework2/kdl/orocos_kinematics_dynamics/orocos_kdl/install/orocos_kdl/include/kdl/jntarray.hpp
[30.761s] -- Installing: /home/user/ros2_ws/src/Roboticslab24/Homework2/kdl/orocos_kinematics_dynamics/orocos_kdl/install/orocos_kdl/include/kdl/jntarrayacc.hpp
[30.761s] -- Installing: /home/user/ros2_ws/src/Roboticslab24/Homework2/kdl/orocos_kinematics_dynamics/orocos_kdl/install/orocos_kdl/include/kdl/jntarrayvel.hpp
[30.761s] -- Installing: /home/user/ros2_ws/src/Roboticslab24/Homework2/kdl/orocos_kinematics_dynamics/orocos_kdl/install/orocos_kdl/include/kdl/jntspaceinertiamatrix.hpp
[30.762s] -- Installing: /home/user/ros2_ws/src/Roboticslab24/Homework2/kdl/orocos_kinematics_dynamics/orocos_kdl/install/orocos_kdl/include/kdl/joint.hpp
[30.762s] -- Installing: /home/user/ros2_ws/src/Roboticslab24/Homework2/kdl/orocos_kinematics_dynamics/orocos_kdl/install/orocos_kdl/include/kdl/kdl.hpp
[30.762s] -- Installing: /home/user/ros2_ws/src/Roboticslab24/Homework2/kdl/orocos_kinematics_dynamics/orocos_kdl/install/orocos_kdl/include/kdl/kinfam.hpp
[30.762s] -- Installing: /home/user/ros2_ws/src/Roboticslab24/Homework2/kdl/orocos_kinematics_dynamics/orocos_kdl/install/orocos_kdl/include/kdl/kinfam_io.hpp
[30.763s] -- Installing: /home/user/ros2_ws/src/Roboticslab24/Homework2/kdl/orocos_kinematics_dynamics/orocos_kdl/install/orocos_kdl/include/kdl/motion.hpp
[30.763s] -- Installing: /home/user/ros2_ws/src/Roboticslab24/Homework2/kdl/orocos_kinematics_dynamics/orocos_kdl/install/orocos_kdl/include/kdl/path.hpp
[30.763s] -- Installing: /home/user/ros2_ws/src/Roboticslab24/Homework2/kdl/orocos_kinematics_dynamics/orocos_kdl/install/orocos_kdl/include/kdl/path_circle.hpp
[30.763s] -- Installing: /home/user/ros2_ws/src/Roboticslab24/Homework2/kdl/orocos_kinematics_dynamics/orocos_kdl/install/orocos_kdl/include/kdl/path_composite.hpp
[30.763s] -- Installing: /home/user/ros2_ws/src/Roboticslab24/Homework2/kdl/orocos_kinematics_dynamics/orocos_kdl/install/orocos_kdl/include/kdl/path_cyclic_closed.hpp
[30.763s] -- Installing: /home/user/ros2_ws/src/Roboticslab24/Homework2/kdl/orocos_kinematics_dynamics/orocos_kdl/install/orocos_kdl/include/kdl/path_line.hpp
[30.764s] -- Installing: /home/user/ros2_ws/src/Roboticslab24/Homework2/kdl/orocos_kinematics_dynamics/orocos_kdl/install/orocos_kdl/include/kdl/path_point.hpp
[30.764s] -- Installing: /home/user/ros2_ws/src/Roboticslab24/Homework2/kdl/orocos_kinematics_dynamics/orocos_kdl/install/orocos_kdl/include/kdl/path_roundedcomposite.hpp
[30.764s] -- Installing: /home/user/ros2_ws/src/Roboticslab24/Homework2/kdl/orocos_kinematics_dynamics/orocos_kdl/install/orocos_kdl/include/kdl/rigidbodyinertia.hpp
[30.764s] -- Installing: /home/user/ros2_ws/src/Roboticslab24/Homework2/kdl/orocos_kinematics_dynamics/orocos_kdl/install/orocos_kdl/include/kdl/rotational_interpolation.hpp
[30.765s] -- Installing: /home/user/ros2_ws/src/Roboticslab24/Homework2/kdl/orocos_kinematics_dynamics/orocos_kdl/install/orocos_kdl/include/kdl/rotational_interpolation_sa.hpp
[30.765s] -- Installing: /home/user/ros2_ws/src/Roboticslab24/Homework2/kdl/orocos_kinematics_dynamics/orocos_kdl/install/orocos_kdl/include/kdl/rotationalinertia.hpp
[30.765s] -- Installing: /home/user/ros2_ws/src/Roboticslab24/Homework2/kdl/orocos_kinematics_dynamics/orocos_kdl/install/orocos_kdl/include/kdl/segment.hpp
[30.765s] -- Installing: /home/user/ros2_ws/src/Roboticslab24/Homework2/kdl/orocos_kinematics_dynamics/orocos_kdl/install/orocos_kdl/include/kdl/solveri.hpp
[30.766s] -- Installing: /home/user/ros2_ws/src/Roboticslab24/Homework2/kdl/orocos_kinematics_dynamics/orocos_kdl/install/orocos_kdl/include/kdl/stiffness.hpp
[30.766s] -- Installing: /home/user/ros2_ws/src/Roboticslab24/Homework2/kdl/orocos_kinematics_dynamics/orocos_kdl/install/orocos_kdl/include/kdl/trajectory.hpp
[30.767s] -- Installing: /home/user/ros2_ws/src/Roboticslab24/Homework2/kdl/orocos_kinematics_dynamics/orocos_kdl/install/orocos_kdl/include/kdl/trajectory_composite.hpp
[30.767s] -- Installing: /home/user/ros2_ws/src/Roboticslab24/Homework2/kdl/orocos_kinematics_dynamics/orocos_kdl/install/orocos_kdl/include/kdl/trajectory_segment.hpp
[30.767s] -- Installing: /home/user/ros2_ws/src/Roboticslab24/Homework2/kdl/orocos_kinematics_dynamics/orocos_kdl/install/orocos_kdl/include/kdl/trajectory_stationary.hpp
[30.767s] -- Installing: /home/user/ros2_ws/src/Roboticslab24/Homework2/kdl/orocos_kinematics_dynamics/orocos_kdl/install/orocos_kdl/include/kdl/tree.hpp
[30.767s] -- Installing: /home/user/ros2_ws/src/Roboticslab24/Homework2/kdl/orocos_kinematics_dynamics/orocos_kdl/install/orocos_kdl/include/kdl/treefksolver.hpp
[30.768s] -- Installing: /home/user/ros2_ws/src/Roboticslab24/Homework2/kdl/orocos_kinematics_dynamics/orocos_kdl/install/orocos_kdl/include/kdl/treefksolverpos_recursive.hpp
[30.768s] -- Installing: /home/user/ros2_ws/src/Roboticslab24/Homework2/kdl/orocos_kinematics_dynamics/orocos_kdl/install/orocos_kdl/include/kdl/treeidsolver.hpp
[30.768s] -- Installing: /home/user/ros2_ws/src/Roboticslab24/Homework2/kdl/orocos_kinematics_dynamics/orocos_kdl/install/orocos_kdl/include/kdl/treeidsolver_recursive_newton_euler.hpp
[30.768s] -- Installing: /home/user/ros2_ws/src/Roboticslab24/Homework2/kdl/orocos_kinematics_dynamics/orocos_kdl/install/orocos_kdl/include/kdl/treeiksolver.hpp
[30.769s] -- Installing: /home/user/ros2_ws/src/Roboticslab24/Homework2/kdl/orocos_kinematics_dynamics/orocos_kdl/install/orocos_kdl/include/kdl/treeiksolverpos_nr_jl.hpp
[30.769s] -- Installing: /home/user/ros2_ws/src/Roboticslab24/Homework2/kdl/orocos_kinematics_dynamics/orocos_kdl/install/orocos_kdl/include/kdl/treeiksolverpos_online.hpp
[30.769s] -- Installing: /home/user/ros2_ws/src/Roboticslab24/Homework2/kdl/orocos_kinematics_dynamics/orocos_kdl/install/orocos_kdl/include/kdl/treeiksolvervel_wdls.hpp
[30.769s] -- Installing: /home/user/ros2_ws/src/Roboticslab24/Homework2/kdl/orocos_kinematics_dynamics/orocos_kdl/install/orocos_kdl/include/kdl/treejnttojacsolver.hpp
[30.769s] -- Installing: /home/user/ros2_ws/src/Roboticslab24/Homework2/kdl/orocos_kinematics_dynamics/orocos_kdl/install/orocos_kdl/include/kdl/velocityprofile.hpp
[30.770s] -- Installing: /home/user/ros2_ws/src/Roboticslab24/Homework2/kdl/orocos_kinematics_dynamics/orocos_kdl/install/orocos_kdl/include/kdl/velocityprofile_dirac.hpp
[30.770s] -- Installing: /home/user/ros2_ws/src/Roboticslab24/Homework2/kdl/orocos_kinematics_dynamics/orocos_kdl/install/orocos_kdl/include/kdl/velocityprofile_rect.hpp
[30.770s] -- Installing: /home/user/ros2_ws/src/Roboticslab24/Homework2/kdl/orocos_kinematics_dynamics/orocos_kdl/install/orocos_kdl/include/kdl/velocityprofile_spline.hpp
[30.770s] -- Installing: /home/user/ros2_ws/src/Roboticslab24/Homework2/kdl/orocos_kinematics_dynamics/orocos_kdl/install/orocos_kdl/include/kdl/velocityprofile_trap.hpp
[30.771s] -- Installing: /home/user/ros2_ws/src/Roboticslab24/Homework2/kdl/orocos_kinematics_dynamics/orocos_kdl/install/orocos_kdl/include/kdl/velocityprofile_traphalf.hpp
[30.771s] -- Installing: /home/user/ros2_ws/src/Roboticslab24/Homework2/kdl/orocos_kinematics_dynamics/orocos_kdl/install/orocos_kdl/include/kdl/config.h
[30.772s] -- Installing: /home/user/ros2_ws/src/Roboticslab24/Homework2/kdl/orocos_kinematics_dynamics/orocos_kdl/install/orocos_kdl/include/kdl/utilities/error.h
[30.772s] -- Installing: /home/user/ros2_ws/src/Roboticslab24/Homework2/kdl/orocos_kinematics_dynamics/orocos_kdl/install/orocos_kdl/include/kdl/utilities/error_stack.h
[30.772s] -- Installing: /home/user/ros2_ws/src/Roboticslab24/Homework2/kdl/orocos_kinematics_dynamics/orocos_kdl/install/orocos_kdl/include/kdl/utilities/hash_combine.h
[30.772s] -- Installing: /home/user/ros2_ws/src/Roboticslab24/Homework2/kdl/orocos_kinematics_dynamics/orocos_kdl/install/orocos_kdl/include/kdl/utilities/kdl-config.h
[30.773s] -- Installing: /home/user/ros2_ws/src/Roboticslab24/Homework2/kdl/orocos_kinematics_dynamics/orocos_kdl/install/orocos_kdl/include/kdl/utilities/ldl_solver_eigen.hpp
[30.774s] -- Installing: /home/user/ros2_ws/src/Roboticslab24/Homework2/kdl/orocos_kinematics_dynamics/orocos_kdl/install/orocos_kdl/include/kdl/utilities/rall1d.h
[30.774s] -- Installing: /home/user/ros2_ws/src/Roboticslab24/Homework2/kdl/orocos_kinematics_dynamics/orocos_kdl/install/orocos_kdl/include/kdl/utilities/rall1d_io.h
[30.774s] -- Installing: /home/user/ros2_ws/src/Roboticslab24/Homework2/kdl/orocos_kinematics_dynamics/orocos_kdl/install/orocos_kdl/include/kdl/utilities/rall2d.h
[30.774s] -- Installing: /home/user/ros2_ws/src/Roboticslab24/Homework2/kdl/orocos_kinematics_dynamics/orocos_kdl/install/orocos_kdl/include/kdl/utilities/rall2d_io.h
[30.774s] -- Installing: /home/user/ros2_ws/src/Roboticslab24/Homework2/kdl/orocos_kinematics_dynamics/orocos_kdl/install/orocos_kdl/include/kdl/utilities/rallNd.h
[30.774s] -- Installing: /home/user/ros2_ws/src/Roboticslab24/Homework2/kdl/orocos_kinematics_dynamics/orocos_kdl/install/orocos_kdl/include/kdl/utilities/scoped_ptr.hpp
[30.775s] -- Installing: /home/user/ros2_ws/src/Roboticslab24/Homework2/kdl/orocos_kinematics_dynamics/orocos_kdl/install/orocos_kdl/include/kdl/utilities/svd_HH.hpp
[30.775s] -- Installing: /home/user/ros2_ws/src/Roboticslab24/Homework2/kdl/orocos_kinematics_dynamics/orocos_kdl/install/orocos_kdl/include/kdl/utilities/svd_eigen_HH.hpp
[30.775s] -- Installing: /home/user/ros2_ws/src/Roboticslab24/Homework2/kdl/orocos_kinematics_dynamics/orocos_kdl/install/orocos_kdl/include/kdl/utilities/svd_eigen_Macie.hpp
[30.775s] -- Installing: /home/user/ros2_ws/src/Roboticslab24/Homework2/kdl/orocos_kinematics_dynamics/orocos_kdl/install/orocos_kdl/include/kdl/utilities/traits.h
[30.775s] -- Installing: /home/user/ros2_ws/src/Roboticslab24/Homework2/kdl/orocos_kinematics_dynamics/orocos_kdl/install/orocos_kdl/include/kdl/utilities/utility.h
[30.775s] -- Installing: /home/user/ros2_ws/src/Roboticslab24/Homework2/kdl/orocos_kinematics_dynamics/orocos_kdl/install/orocos_kdl/include/kdl/utilities/utility_io.h
[30.780s] Invoked command in '/home/user/ros2_ws/src/Roboticslab24/Homework2/kdl/orocos_kinematics_dynamics/orocos_kdl/build/orocos_kdl' returned '0': CMAKE_PREFIX_PATH=/opt/ros/humble /usr/bin/cmake --install /home/user/ros2_ws/src/Roboticslab24/Homework2/kdl/orocos_kinematics_dynamics/orocos_kdl/build/orocos_kdl
