[0.135s] DEBUG:colcon:Command line arguments: ['/usr/bin/colcon', 'build']
[0.135s] DEBUG:colcon:Parsed command line arguments: Namespace(log_base=None, log_level=None, verb_name='build', build_base='build', install_base='install', merge_install=False, symlink_install=False, test_result_base=None, continue_on_error=False, executor='parallel', parallel_workers=8, event_handlers=None, ignore_user_meta=False, metas=['./colcon.meta'], base_paths=['.'], packages_ignore=None, packages_ignore_regex=None, paths=None, packages_up_to=None, packages_up_to_regex=None, packages_above=None, packages_above_and_dependencies=None, packages_above_depth=None, packages_select_by_dep=None, packages_skip_by_dep=None, packages_skip_up_to=None, packages_select_build_failed=False, packages_skip_build_finished=False, packages_select_test_failures=False, packages_skip_test_passed=False, packages_select=None, packages_skip=None, packages_select_regex=None, packages_skip_regex=None, packages_start=None, packages_end=None, cmake_args=None, cmake_target=None, cmake_target_skip_unavailable=False, cmake_clean_cache=False, cmake_clean_first=False, cmake_force_configure=False, ament_cmake_args=None, catkin_cmake_args=None, catkin_skip_building_tests=False, mixin_files=None, mixin=None, verb_parser=<colcon_mixin.mixin.mixin_argument.MixinArgumentDecorator object at 0x7ae297fd8670>, verb_extension=<colcon_core.verb.build.BuildVerb object at 0x7ae29811ccd0>, main=<bound method BuildVerb.main of <colcon_core.verb.build.BuildVerb object at 0x7ae29811ccd0>>, mixin_verb=('build',))
[0.321s] Level 1:colcon.colcon_core.package_discovery:discover_packages(colcon_meta) check parameters
[0.322s] Level 1:colcon.colcon_core.package_discovery:discover_packages(recursive) check parameters
[0.322s] Level 1:colcon.colcon_core.package_discovery:discover_packages(ignore) check parameters
[0.322s] Level 1:colcon.colcon_core.package_discovery:discover_packages(path) check parameters
[0.322s] Level 1:colcon.colcon_core.package_discovery:discover_packages(colcon_meta) discover
[0.322s] Level 1:colcon.colcon_core.package_discovery:discover_packages(recursive) discover
[0.322s] INFO:colcon.colcon_core.package_discovery:Crawling recursively for packages in '/home/user/ros2_ws/src/Roboticslab24/Homework2/kdl/orocos_kinematics_dynamics/orocos_kdl'
[0.322s] Level 1:colcon.colcon_core.package_identification:_identify(.) by extensions ['ignore', 'ignore_ament_install']
[0.322s] Level 1:colcon.colcon_core.package_identification:_identify(.) by extension 'ignore'
[0.322s] Level 1:colcon.colcon_core.package_identification:_identify(.) by extension 'ignore_ament_install'
[0.322s] Level 1:colcon.colcon_core.package_identification:_identify(.) by extensions ['colcon_pkg']
[0.322s] Level 1:colcon.colcon_core.package_identification:_identify(.) by extension 'colcon_pkg'
[0.322s] Level 1:colcon.colcon_core.package_identification:_identify(.) by extensions ['colcon_meta']
[0.322s] Level 1:colcon.colcon_core.package_identification:_identify(.) by extension 'colcon_meta'
[0.322s] Level 1:colcon.colcon_core.package_identification:_identify(.) by extensions ['ros']
[0.322s] Level 1:colcon.colcon_core.package_identification:_identify(.) by extension 'ros'
[0.336s] DEBUG:colcon.colcon_core.package_identification:Package '.' with type 'ros.cmake' and name 'orocos_kdl'
[0.336s] Level 1:colcon.colcon_core.package_discovery:discover_packages(recursive) using defaults
[0.336s] Level 1:colcon.colcon_core.package_discovery:discover_packages(ignore) discover
[0.336s] Level 1:colcon.colcon_core.package_discovery:discover_packages(ignore) using defaults
[0.336s] Level 1:colcon.colcon_core.package_discovery:discover_packages(path) discover
[0.336s] Level 1:colcon.colcon_core.package_discovery:discover_packages(path) using defaults
[0.359s] Level 5:colcon.colcon_core.verb:set package 'orocos_kdl' build argument 'cmake_args' from command line to 'None'
[0.359s] Level 5:colcon.colcon_core.verb:set package 'orocos_kdl' build argument 'cmake_target' from command line to 'None'
[0.359s] Level 5:colcon.colcon_core.verb:set package 'orocos_kdl' build argument 'cmake_target_skip_unavailable' from command line to 'False'
[0.359s] Level 5:colcon.colcon_core.verb:set package 'orocos_kdl' build argument 'cmake_clean_cache' from command line to 'False'
[0.359s] Level 5:colcon.colcon_core.verb:set package 'orocos_kdl' build argument 'cmake_clean_first' from command line to 'False'
[0.359s] Level 5:colcon.colcon_core.verb:set package 'orocos_kdl' build argument 'cmake_force_configure' from command line to 'False'
[0.359s] Level 5:colcon.colcon_core.verb:set package 'orocos_kdl' build argument 'ament_cmake_args' from command line to 'None'
[0.359s] Level 5:colcon.colcon_core.verb:set package 'orocos_kdl' build argument 'catkin_cmake_args' from command line to 'None'
[0.359s] Level 5:colcon.colcon_core.verb:set package 'orocos_kdl' build argument 'catkin_skip_building_tests' from command line to 'False'
[0.359s] DEBUG:colcon.colcon_core.verb:Building package 'orocos_kdl' with the following arguments: {'ament_cmake_args': None, 'build_base': '/home/user/ros2_ws/src/Roboticslab24/Homework2/kdl/orocos_kinematics_dynamics/orocos_kdl/build/orocos_kdl', 'catkin_cmake_args': None, 'catkin_skip_building_tests': False, 'cmake_args': None, 'cmake_clean_cache': False, 'cmake_clean_first': False, 'cmake_force_configure': False, 'cmake_target': None, 'cmake_target_skip_unavailable': False, 'install_base': '/home/user/ros2_ws/src/Roboticslab24/Homework2/kdl/orocos_kinematics_dynamics/orocos_kdl/install/orocos_kdl', 'merge_install': False, 'path': '/home/user/ros2_ws/src/Roboticslab24/Homework2/kdl/orocos_kinematics_dynamics/orocos_kdl', 'symlink_install': False, 'test_result_base': None}
[0.360s] INFO:colcon.colcon_core.executor:Executing jobs using 'parallel' executor
[0.361s] DEBUG:colcon.colcon_parallel_executor.executor.parallel:run_until_complete
[0.361s] INFO:colcon.colcon_ros.task.cmake.build:Building ROS package in '/home/user/ros2_ws/src/Roboticslab24/Homework2/kdl/orocos_kinematics_dynamics/orocos_kdl' with build type 'cmake'
[0.362s] INFO:colcon.colcon_cmake.task.cmake.build:Building CMake package in '/home/user/ros2_ws/src/Roboticslab24/Homework2/kdl/orocos_kinematics_dynamics/orocos_kdl'
[0.367s] INFO:colcon.colcon_core.plugin_system:Skipping extension 'colcon_core.shell.bat': Not used on non-Windows systems
[0.367s] INFO:colcon.colcon_core.shell:Skip shell extension 'powershell' for command environment: Not usable outside of PowerShell
[0.367s] DEBUG:colcon.colcon_core.shell:Skip shell extension 'dsv' for command environment
[0.388s] DEBUG:colcon.colcon_core.event_handler.log_command:Invoking command in '/home/user/ros2_ws/src/Roboticslab24/Homework2/kdl/orocos_kinematics_dynamics/orocos_kdl/build/orocos_kdl': CMAKE_PREFIX_PATH=/opt/ros/humble /usr/bin/cmake /home/user/ros2_ws/src/Roboticslab24/Homework2/kdl/orocos_kinematics_dynamics/orocos_kdl -DCMAKE_INSTALL_PREFIX=/home/user/ros2_ws/src/Roboticslab24/Homework2/kdl/orocos_kinematics_dynamics/orocos_kdl/install/orocos_kdl
[1.602s] DEBUG:colcon.colcon_core.event_handler.log_command:Invoked command in '/home/user/ros2_ws/src/Roboticslab24/Homework2/kdl/orocos_kinematics_dynamics/orocos_kdl/build/orocos_kdl' returned '0': CMAKE_PREFIX_PATH=/opt/ros/humble /usr/bin/cmake /home/user/ros2_ws/src/Roboticslab24/Homework2/kdl/orocos_kinematics_dynamics/orocos_kdl -DCMAKE_INSTALL_PREFIX=/home/user/ros2_ws/src/Roboticslab24/Homework2/kdl/orocos_kinematics_dynamics/orocos_kdl/install/orocos_kdl
[1.606s] DEBUG:colcon.colcon_core.event_handler.log_command:Invoking command in '/home/user/ros2_ws/src/Roboticslab24/Homework2/kdl/orocos_kinematics_dynamics/orocos_kdl/build/orocos_kdl': CMAKE_PREFIX_PATH=/opt/ros/humble /usr/bin/cmake --build /home/user/ros2_ws/src/Roboticslab24/Homework2/kdl/orocos_kinematics_dynamics/orocos_kdl/build/orocos_kdl -- -j8 -l8
[31.054s] DEBUG:colcon.colcon_core.event_handler.log_command:Invoked command in '/home/user/ros2_ws/src/Roboticslab24/Homework2/kdl/orocos_kinematics_dynamics/orocos_kdl/build/orocos_kdl' returned '0': CMAKE_PREFIX_PATH=/opt/ros/humble /usr/bin/cmake --build /home/user/ros2_ws/src/Roboticslab24/Homework2/kdl/orocos_kinematics_dynamics/orocos_kdl/build/orocos_kdl -- -j8 -l8
[31.100s] DEBUG:colcon.colcon_core.event_handler.log_command:Invoking command in '/home/user/ros2_ws/src/Roboticslab24/Homework2/kdl/orocos_kinematics_dynamics/orocos_kdl/build/orocos_kdl': CMAKE_PREFIX_PATH=/opt/ros/humble /usr/bin/cmake --install /home/user/ros2_ws/src/Roboticslab24/Homework2/kdl/orocos_kinematics_dynamics/orocos_kdl/build/orocos_kdl
[31.142s] DEBUG:colcon.colcon_core.event_handler.log_command:Invoked command in '/home/user/ros2_ws/src/Roboticslab24/Homework2/kdl/orocos_kinematics_dynamics/orocos_kdl/build/orocos_kdl' returned '0': CMAKE_PREFIX_PATH=/opt/ros/humble /usr/bin/cmake --install /home/user/ros2_ws/src/Roboticslab24/Homework2/kdl/orocos_kinematics_dynamics/orocos_kdl/build/orocos_kdl
[31.177s] Level 1:colcon.colcon_core.shell:create_environment_hook('orocos_kdl', 'pkg_config_path')
[31.177s] INFO:colcon.colcon_core.shell:Creating environment hook '/home/user/ros2_ws/src/Roboticslab24/Homework2/kdl/orocos_kinematics_dynamics/orocos_kdl/install/orocos_kdl/share/orocos_kdl/hook/pkg_config_path.ps1'
[31.179s] INFO:colcon.colcon_core.shell:Creating environment descriptor '/home/user/ros2_ws/src/Roboticslab24/Homework2/kdl/orocos_kinematics_dynamics/orocos_kdl/install/orocos_kdl/share/orocos_kdl/hook/pkg_config_path.dsv'
[31.180s] INFO:colcon.colcon_core.shell:Creating environment hook '/home/user/ros2_ws/src/Roboticslab24/Homework2/kdl/orocos_kinematics_dynamics/orocos_kdl/install/orocos_kdl/share/orocos_kdl/hook/pkg_config_path.sh'
[31.183s] Level 1:colcon.colcon_core.shell:create_environment_hook('orocos_kdl', 'pkg_config_path_multiarch')
[31.184s] INFO:colcon.colcon_core.shell:Creating environment hook '/home/user/ros2_ws/src/Roboticslab24/Homework2/kdl/orocos_kinematics_dynamics/orocos_kdl/install/orocos_kdl/share/orocos_kdl/hook/pkg_config_path_multiarch.ps1'
[31.184s] INFO:colcon.colcon_core.shell:Creating environment descriptor '/home/user/ros2_ws/src/Roboticslab24/Homework2/kdl/orocos_kinematics_dynamics/orocos_kdl/install/orocos_kdl/share/orocos_kdl/hook/pkg_config_path_multiarch.dsv'
[31.185s] INFO:colcon.colcon_core.shell:Creating environment hook '/home/user/ros2_ws/src/Roboticslab24/Homework2/kdl/orocos_kinematics_dynamics/orocos_kdl/install/orocos_kdl/share/orocos_kdl/hook/pkg_config_path_multiarch.sh'
[31.185s] Level 1:colcon.colcon_core.environment:create_environment_scripts_only(orocos_kdl)
[31.191s] Level 1:colcon.colcon_core.environment:checking '/home/user/ros2_ws/src/Roboticslab24/Homework2/kdl/orocos_kinematics_dynamics/orocos_kdl/install/orocos_kdl' for CMake module files
[31.192s] Level 1:colcon.colcon_core.shell:create_environment_hook('orocos_kdl', 'cmake_module_path')
[31.193s] INFO:colcon.colcon_core.shell:Creating environment hook '/home/user/ros2_ws/src/Roboticslab24/Homework2/kdl/orocos_kinematics_dynamics/orocos_kdl/install/orocos_kdl/share/orocos_kdl/hook/cmake_module_path.ps1'
[31.193s] INFO:colcon.colcon_core.shell:Creating environment descriptor '/home/user/ros2_ws/src/Roboticslab24/Homework2/kdl/orocos_kinematics_dynamics/orocos_kdl/install/orocos_kdl/share/orocos_kdl/hook/cmake_module_path.dsv'
[31.194s] INFO:colcon.colcon_core.shell:Creating environment hook '/home/user/ros2_ws/src/Roboticslab24/Homework2/kdl/orocos_kinematics_dynamics/orocos_kdl/install/orocos_kdl/share/orocos_kdl/hook/cmake_module_path.sh'
[31.195s] Level 1:colcon.colcon_core.environment:checking '/home/user/ros2_ws/src/Roboticslab24/Homework2/kdl/orocos_kinematics_dynamics/orocos_kdl/install/orocos_kdl' for CMake config files
[31.195s] Level 1:colcon.colcon_core.shell:create_environment_hook('orocos_kdl', 'cmake_prefix_path')
[31.196s] INFO:colcon.colcon_core.shell:Creating environment hook '/home/user/ros2_ws/src/Roboticslab24/Homework2/kdl/orocos_kinematics_dynamics/orocos_kdl/install/orocos_kdl/share/orocos_kdl/hook/cmake_prefix_path.ps1'
[31.196s] INFO:colcon.colcon_core.shell:Creating environment descriptor '/home/user/ros2_ws/src/Roboticslab24/Homework2/kdl/orocos_kinematics_dynamics/orocos_kdl/install/orocos_kdl/share/orocos_kdl/hook/cmake_prefix_path.dsv'
[31.197s] INFO:colcon.colcon_core.shell:Creating environment hook '/home/user/ros2_ws/src/Roboticslab24/Homework2/kdl/orocos_kinematics_dynamics/orocos_kdl/install/orocos_kdl/share/orocos_kdl/hook/cmake_prefix_path.sh'
[31.198s] Level 1:colcon.colcon_core.environment:checking '/home/user/ros2_ws/src/Roboticslab24/Homework2/kdl/orocos_kinematics_dynamics/orocos_kdl/install/orocos_kdl/lib'
[31.198s] Level 1:colcon.colcon_core.shell:create_environment_hook('orocos_kdl', 'ld_library_path_lib')
[31.199s] INFO:colcon.colcon_core.shell:Creating environment hook '/home/user/ros2_ws/src/Roboticslab24/Homework2/kdl/orocos_kinematics_dynamics/orocos_kdl/install/orocos_kdl/share/orocos_kdl/hook/ld_library_path_lib.ps1'
[31.199s] INFO:colcon.colcon_core.shell:Creating environment descriptor '/home/user/ros2_ws/src/Roboticslab24/Homework2/kdl/orocos_kinematics_dynamics/orocos_kdl/install/orocos_kdl/share/orocos_kdl/hook/ld_library_path_lib.dsv'
[31.200s] INFO:colcon.colcon_core.shell:Creating environment hook '/home/user/ros2_ws/src/Roboticslab24/Homework2/kdl/orocos_kinematics_dynamics/orocos_kdl/install/orocos_kdl/share/orocos_kdl/hook/ld_library_path_lib.sh'
[31.200s] Level 1:colcon.colcon_core.environment:checking '/home/user/ros2_ws/src/Roboticslab24/Homework2/kdl/orocos_kinematics_dynamics/orocos_kdl/install/orocos_kdl/bin'
[31.201s] Level 1:colcon.colcon_core.environment:checking '/home/user/ros2_ws/src/Roboticslab24/Homework2/kdl/orocos_kinematics_dynamics/orocos_kdl/install/orocos_kdl/lib/pkgconfig/orocos_kdl.pc'
[31.201s] Level 1:colcon.colcon_core.shell:create_environment_hook('orocos_kdl', 'pkg_config')
[31.201s] INFO:colcon.colcon_core.shell:Creating environment hook '/home/user/ros2_ws/src/Roboticslab24/Homework2/kdl/orocos_kinematics_dynamics/orocos_kdl/install/orocos_kdl/share/orocos_kdl/hook/pkg_config.ps1'
[31.202s] INFO:colcon.colcon_core.shell:Creating environment descriptor '/home/user/ros2_ws/src/Roboticslab24/Homework2/kdl/orocos_kinematics_dynamics/orocos_kdl/install/orocos_kdl/share/orocos_kdl/hook/pkg_config.dsv'
[31.202s] INFO:colcon.colcon_core.shell:Creating environment hook '/home/user/ros2_ws/src/Roboticslab24/Homework2/kdl/orocos_kinematics_dynamics/orocos_kdl/install/orocos_kdl/share/orocos_kdl/hook/pkg_config.sh'
[31.207s] Level 1:colcon.colcon_core.environment:checking '/home/user/ros2_ws/src/Roboticslab24/Homework2/kdl/orocos_kinematics_dynamics/orocos_kdl/install/orocos_kdl/lib/python3.10/site-packages'
[31.208s] Level 1:colcon.colcon_core.environment:checking '/home/user/ros2_ws/src/Roboticslab24/Homework2/kdl/orocos_kinematics_dynamics/orocos_kdl/install/orocos_kdl/bin'
[31.209s] INFO:colcon.colcon_core.shell:Creating package script '/home/user/ros2_ws/src/Roboticslab24/Homework2/kdl/orocos_kinematics_dynamics/orocos_kdl/install/orocos_kdl/share/orocos_kdl/package.ps1'
[31.212s] INFO:colcon.colcon_core.shell:Creating package descriptor '/home/user/ros2_ws/src/Roboticslab24/Homework2/kdl/orocos_kinematics_dynamics/orocos_kdl/install/orocos_kdl/share/orocos_kdl/package.dsv'
[31.214s] INFO:colcon.colcon_core.shell:Creating package script '/home/user/ros2_ws/src/Roboticslab24/Homework2/kdl/orocos_kinematics_dynamics/orocos_kdl/install/orocos_kdl/share/orocos_kdl/package.sh'
[31.216s] INFO:colcon.colcon_core.shell:Creating package script '/home/user/ros2_ws/src/Roboticslab24/Homework2/kdl/orocos_kinematics_dynamics/orocos_kdl/install/orocos_kdl/share/orocos_kdl/package.bash'
[31.217s] INFO:colcon.colcon_core.shell:Creating package script '/home/user/ros2_ws/src/Roboticslab24/Homework2/kdl/orocos_kinematics_dynamics/orocos_kdl/install/orocos_kdl/share/orocos_kdl/package.zsh'
[31.219s] Level 1:colcon.colcon_core.environment:create_file_with_runtime_dependencies(/home/user/ros2_ws/src/Roboticslab24/Homework2/kdl/orocos_kinematics_dynamics/orocos_kdl/install/orocos_kdl/share/colcon-core/packages/orocos_kdl)
[31.220s] DEBUG:colcon.colcon_parallel_executor.executor.parallel:closing loop
[31.221s] DEBUG:colcon.colcon_parallel_executor.executor.parallel:loop closed
[31.221s] DEBUG:colcon.colcon_parallel_executor.executor.parallel:run_until_complete finished with '0'
[31.221s] DEBUG:colcon.colcon_core.event_reactor:joining thread
[31.236s] INFO:colcon.colcon_core.plugin_system:Skipping extension 'colcon_notification.desktop_notification.notify_send': Could not find 'notify-send'
[31.236s] INFO:colcon.colcon_core.plugin_system:Skipping extension 'colcon_notification.desktop_notification.terminal_notifier': Not used on non-Darwin systems
[31.236s] INFO:colcon.colcon_core.plugin_system:Skipping extension 'colcon_notification.desktop_notification.win32': Not used on non-Windows systems
[31.236s] INFO:colcon.colcon_notification.desktop_notification:Sending desktop notification using 'notify2'
[31.242s] DEBUG:colcon.colcon_notification.desktop_notification.notify2:Failed to initialize notify2: org.freedesktop.DBus.Error.Spawn.ExecFailed: /usr/bin/dbus-launch terminated abnormally without any error message
[31.242s] DEBUG:colcon.colcon_core.event_reactor:joined thread
[31.243s] INFO:colcon.colcon_core.shell:Creating prefix script '/home/user/ros2_ws/src/Roboticslab24/Homework2/kdl/orocos_kinematics_dynamics/orocos_kdl/install/local_setup.ps1'
[31.245s] INFO:colcon.colcon_core.shell:Creating prefix util module '/home/user/ros2_ws/src/Roboticslab24/Homework2/kdl/orocos_kinematics_dynamics/orocos_kdl/install/_local_setup_util_ps1.py'
[31.248s] INFO:colcon.colcon_core.shell:Creating prefix chain script '/home/user/ros2_ws/src/Roboticslab24/Homework2/kdl/orocos_kinematics_dynamics/orocos_kdl/install/setup.ps1'
[31.250s] INFO:colcon.colcon_core.shell:Creating prefix script '/home/user/ros2_ws/src/Roboticslab24/Homework2/kdl/orocos_kinematics_dynamics/orocos_kdl/install/local_setup.sh'
[31.252s] INFO:colcon.colcon_core.shell:Creating prefix util module '/home/user/ros2_ws/src/Roboticslab24/Homework2/kdl/orocos_kinematics_dynamics/orocos_kdl/install/_local_setup_util_sh.py'
[31.253s] INFO:colcon.colcon_core.shell:Creating prefix chain script '/home/user/ros2_ws/src/Roboticslab24/Homework2/kdl/orocos_kinematics_dynamics/orocos_kdl/install/setup.sh'
[31.258s] INFO:colcon.colcon_core.shell:Creating prefix script '/home/user/ros2_ws/src/Roboticslab24/Homework2/kdl/orocos_kinematics_dynamics/orocos_kdl/install/local_setup.bash'
[31.259s] INFO:colcon.colcon_core.shell:Creating prefix chain script '/home/user/ros2_ws/src/Roboticslab24/Homework2/kdl/orocos_kinematics_dynamics/orocos_kdl/install/setup.bash'
[31.261s] INFO:colcon.colcon_core.shell:Creating prefix script '/home/user/ros2_ws/src/Roboticslab24/Homework2/kdl/orocos_kinematics_dynamics/orocos_kdl/install/local_setup.zsh'
[31.261s] INFO:colcon.colcon_core.shell:Creating prefix chain script '/home/user/ros2_ws/src/Roboticslab24/Homework2/kdl/orocos_kinematics_dynamics/orocos_kdl/install/setup.zsh'
